2020-04-04 21:50:28 [ http-bio-8080-exec-5:255200 ] - [ ERROR ] Transport error for WebSocket session id=0
java.io.IOException: java.util.concurrent.ExecutionException: java.net.SocketException: Software caused connection abort: socket write error
	at org.apache.tomcat.websocket.WsRemoteEndpointImplBase.startMessageBlock(WsRemoteEndpointImplBase.java:230)
	at org.apache.tomcat.websocket.WsSession.sendCloseMessage(WsSession.java:477)
	at org.apache.tomcat.websocket.WsSession.onClose(WsSession.java:440)
	at org.apache.tomcat.websocket.WsFrameBase.processDataControl(WsFrameBase.java:316)
	at org.apache.tomcat.websocket.WsFrameBase.processData(WsFrameBase.java:270)
	at org.apache.tomcat.websocket.WsFrameBase.processInputBuffer(WsFrameBase.java:116)
	at org.apache.tomcat.websocket.server.WsFrameServer.onDataAvailable(WsFrameServer.java:54)
	at org.apache.tomcat.websocket.server.WsHttpUpgradeHandler$WsReadListener.onDataAvailable(WsHttpUpgradeHandler.java:192)
	at org.apache.coyote.http11.upgrade.AbstractServletInputStream.onDataAvailable(AbstractServletInputStream.java:178)
	at org.apache.coyote.http11.upgrade.AbstractProcessor.upgradeDispatch(AbstractProcessor.java:92)
	at org.apache.coyote.AbstractProtocol$AbstractConnectionHandler.process(AbstractProtocol.java:601)
	at org.apache.tomcat.util.net.JIoEndpoint$SocketProcessor.run(JIoEndpoint.java:310)
	at java.util.concurrent.ThreadPoolExecutor.runWorker(ThreadPoolExecutor.java:1149)
	at java.util.concurrent.ThreadPoolExecutor$Worker.run(ThreadPoolExecutor.java:624)
	at java.lang.Thread.run(Thread.java:748)
Caused by: java.util.concurrent.ExecutionException: java.net.SocketException: Software caused connection abort: socket write error
	at org.apache.tomcat.websocket.FutureToSendHandler.get(FutureToSendHandler.java:102)
	at org.apache.tomcat.websocket.WsRemoteEndpointImplBase.startMessageBlock(WsRemoteEndpointImplBase.java:225)
	... 14 more
Caused by: java.net.SocketException: Software caused connection abort: socket write error
	at java.net.SocketOutputStream.socketWrite0(Native Method)
	at java.net.SocketOutputStream.socketWrite(SocketOutputStream.java:111)
	at java.net.SocketOutputStream.write(SocketOutputStream.java:155)
	at org.apache.coyote.http11.upgrade.BioServletOutputStream.doWrite(BioServletOutputStream.java:37)
	at org.apache.coyote.http11.upgrade.AbstractServletOutputStream.writeInternal(AbstractServletOutputStream.java:123)
	at org.apache.coyote.http11.upgrade.AbstractServletOutputStream.write(AbstractServletOutputStream.java:90)
	at org.apache.tomcat.websocket.server.WsRemoteEndpointImplServer.onWritePossible(WsRemoteEndpointImplServer.java:84)
	at org.apache.tomcat.websocket.server.WsRemoteEndpointImplServer.doWrite(WsRemoteEndpointImplServer.java:71)
	at org.apache.tomcat.websocket.WsRemoteEndpointImplBase.writeMessagePart(WsRemoteEndpointImplBase.java:368)
	at org.apache.tomcat.websocket.WsRemoteEndpointImplBase.startMessage(WsRemoteEndpointImplBase.java:265)
	at org.apache.tomcat.websocket.WsRemoteEndpointImplBase.startMessageBlock(WsRemoteEndpointImplBase.java:220)
	... 14 more
2020-04-04 21:50:28 [ http-bio-8080-exec-5:255202 ] - [ ERROR ] Closing due to exception for WebSocket session id=0
java.lang.IllegalStateException: Message will not be sent because the WebSocket session has been closed
	at org.apache.tomcat.websocket.WsRemoteEndpointImplBase.writeMessagePart(WsRemoteEndpointImplBase.java:302)
	at org.apache.tomcat.websocket.WsRemoteEndpointImplBase.startMessage(WsRemoteEndpointImplBase.java:265)
	at org.apache.tomcat.websocket.WsRemoteEndpointImplBase.startMessageBlock(WsRemoteEndpointImplBase.java:220)
	at org.apache.tomcat.websocket.WsSession.sendCloseMessage(WsSession.java:477)
	at org.apache.tomcat.websocket.WsSession.doClose(WsSession.java:417)
	at org.apache.tomcat.websocket.WsSession.close(WsSession.java:394)
	at org.springframework.web.socket.adapter.standard.StandardWebSocketSession.closeInternal(StandardWebSocketSession.java:217)
	at org.springframework.web.socket.adapter.AbstractWebSocketSession.close(AbstractWebSocketSession.java:139)
	at org.springframework.web.socket.adapter.AbstractWebSocketSession.close(AbstractWebSocketSession.java:130)
	at websocket.MyWebSocketHandler.handleTransportError(MyWebSocketHandler.java:74)
	at org.springframework.web.socket.handler.WebSocketHandlerDecorator.handleTransportError(WebSocketHandlerDecorator.java:80)
	at org.springframework.web.socket.handler.LoggingWebSocketHandlerDecorator.handleTransportError(LoggingWebSocketHandlerDecorator.java:63)
	at org.springframework.web.socket.handler.ExceptionWebSocketHandlerDecorator.handleTransportError(ExceptionWebSocketHandlerDecorator.java:79)
	at org.springframework.web.socket.adapter.standard.StandardWebSocketHandlerAdapter.onError(StandardWebSocketHandlerAdapter.java:153)
	at org.apache.tomcat.websocket.WsSession.sendCloseMessage(WsSession.java:491)
	at org.apache.tomcat.websocket.WsSession.onClose(WsSession.java:440)
	at org.apache.tomcat.websocket.WsFrameBase.processDataControl(WsFrameBase.java:316)
	at org.apache.tomcat.websocket.WsFrameBase.processData(WsFrameBase.java:270)
	at org.apache.tomcat.websocket.WsFrameBase.processInputBuffer(WsFrameBase.java:116)
	at org.apache.tomcat.websocket.server.WsFrameServer.onDataAvailable(WsFrameServer.java:54)
	at org.apache.tomcat.websocket.server.WsHttpUpgradeHandler$WsReadListener.onDataAvailable(WsHttpUpgradeHandler.java:192)
	at org.apache.coyote.http11.upgrade.AbstractServletInputStream.onDataAvailable(AbstractServletInputStream.java:178)
	at org.apache.coyote.http11.upgrade.AbstractProcessor.upgradeDispatch(AbstractProcessor.java:92)
	at org.apache.coyote.AbstractProtocol$AbstractConnectionHandler.process(AbstractProtocol.java:601)
	at org.apache.tomcat.util.net.JIoEndpoint$SocketProcessor.run(JIoEndpoint.java:310)
	at java.util.concurrent.ThreadPoolExecutor.runWorker(ThreadPoolExecutor.java:1149)
	at java.util.concurrent.ThreadPoolExecutor$Worker.run(ThreadPoolExecutor.java:624)
	at java.lang.Thread.run(Thread.java:748)
2020-04-04 21:50:29 [ http-bio-8080-exec-4:256213 ] - [ ERROR ] Transport error for WebSocket session id=1
java.io.IOException: java.util.concurrent.ExecutionException: java.net.SocketException: Software caused connection abort: socket write error
	at org.apache.tomcat.websocket.WsRemoteEndpointImplBase.startMessageBlock(WsRemoteEndpointImplBase.java:230)
	at org.apache.tomcat.websocket.WsSession.sendCloseMessage(WsSession.java:477)
	at org.apache.tomcat.websocket.WsSession.onClose(WsSession.java:440)
	at org.apache.tomcat.websocket.WsFrameBase.processDataControl(WsFrameBase.java:316)
	at org.apache.tomcat.websocket.WsFrameBase.processData(WsFrameBase.java:270)
	at org.apache.tomcat.websocket.WsFrameBase.processInputBuffer(WsFrameBase.java:116)
	at org.apache.tomcat.websocket.server.WsFrameServer.onDataAvailable(WsFrameServer.java:54)
	at org.apache.tomcat.websocket.server.WsHttpUpgradeHandler$WsReadListener.onDataAvailable(WsHttpUpgradeHandler.java:192)
	at org.apache.coyote.http11.upgrade.AbstractServletInputStream.onDataAvailable(AbstractServletInputStream.java:178)
	at org.apache.coyote.http11.upgrade.AbstractProcessor.upgradeDispatch(AbstractProcessor.java:92)
	at org.apache.coyote.AbstractProtocol$AbstractConnectionHandler.process(AbstractProtocol.java:601)
	at org.apache.tomcat.util.net.JIoEndpoint$SocketProcessor.run(JIoEndpoint.java:310)
	at java.util.concurrent.ThreadPoolExecutor.runWorker(ThreadPoolExecutor.java:1149)
	at java.util.concurrent.ThreadPoolExecutor$Worker.run(ThreadPoolExecutor.java:624)
	at java.lang.Thread.run(Thread.java:748)
Caused by: java.util.concurrent.ExecutionException: java.net.SocketException: Software caused connection abort: socket write error
	at org.apache.tomcat.websocket.FutureToSendHandler.get(FutureToSendHandler.java:102)
	at org.apache.tomcat.websocket.WsRemoteEndpointImplBase.startMessageBlock(WsRemoteEndpointImplBase.java:225)
	... 14 more
Caused by: java.net.SocketException: Software caused connection abort: socket write error
	at java.net.SocketOutputStream.socketWrite0(Native Method)
	at java.net.SocketOutputStream.socketWrite(SocketOutputStream.java:111)
	at java.net.SocketOutputStream.write(SocketOutputStream.java:155)
	at org.apache.coyote.http11.upgrade.BioServletOutputStream.doWrite(BioServletOutputStream.java:37)
	at org.apache.coyote.http11.upgrade.AbstractServletOutputStream.writeInternal(AbstractServletOutputStream.java:123)
	at org.apache.coyote.http11.upgrade.AbstractServletOutputStream.write(AbstractServletOutputStream.java:90)
	at org.apache.tomcat.websocket.server.WsRemoteEndpointImplServer.onWritePossible(WsRemoteEndpointImplServer.java:84)
	at org.apache.tomcat.websocket.server.WsRemoteEndpointImplServer.doWrite(WsRemoteEndpointImplServer.java:71)
	at org.apache.tomcat.websocket.WsRemoteEndpointImplBase.writeMessagePart(WsRemoteEndpointImplBase.java:368)
	at org.apache.tomcat.websocket.WsRemoteEndpointImplBase.startMessage(WsRemoteEndpointImplBase.java:265)
	at org.apache.tomcat.websocket.WsRemoteEndpointImplBase.startMessageBlock(WsRemoteEndpointImplBase.java:220)
	... 14 more
2020-04-04 21:50:29 [ http-bio-8080-exec-4:256215 ] - [ ERROR ] Closing due to exception for WebSocket session id=1
java.lang.IllegalStateException: Message will not be sent because the WebSocket session has been closed
	at org.apache.tomcat.websocket.WsRemoteEndpointImplBase.writeMessagePart(WsRemoteEndpointImplBase.java:302)
	at org.apache.tomcat.websocket.WsRemoteEndpointImplBase.startMessage(WsRemoteEndpointImplBase.java:265)
	at org.apache.tomcat.websocket.WsRemoteEndpointImplBase.startMessageBlock(WsRemoteEndpointImplBase.java:220)
	at org.apache.tomcat.websocket.WsSession.sendCloseMessage(WsSession.java:477)
	at org.apache.tomcat.websocket.WsSession.doClose(WsSession.java:417)
	at org.apache.tomcat.websocket.WsSession.close(WsSession.java:394)
	at org.springframework.web.socket.adapter.standard.StandardWebSocketSession.closeInternal(StandardWebSocketSession.java:217)
	at org.springframework.web.socket.adapter.AbstractWebSocketSession.close(AbstractWebSocketSession.java:139)
	at org.springframework.web.socket.adapter.AbstractWebSocketSession.close(AbstractWebSocketSession.java:130)
	at websocket.MyWebSocketHandler.handleTransportError(MyWebSocketHandler.java:74)
	at org.springframework.web.socket.handler.WebSocketHandlerDecorator.handleTransportError(WebSocketHandlerDecorator.java:80)
	at org.springframework.web.socket.handler.LoggingWebSocketHandlerDecorator.handleTransportError(LoggingWebSocketHandlerDecorator.java:63)
	at org.springframework.web.socket.handler.ExceptionWebSocketHandlerDecorator.handleTransportError(ExceptionWebSocketHandlerDecorator.java:79)
	at org.springframework.web.socket.adapter.standard.StandardWebSocketHandlerAdapter.onError(StandardWebSocketHandlerAdapter.java:153)
	at org.apache.tomcat.websocket.WsSession.sendCloseMessage(WsSession.java:491)
	at org.apache.tomcat.websocket.WsSession.onClose(WsSession.java:440)
	at org.apache.tomcat.websocket.WsFrameBase.processDataControl(WsFrameBase.java:316)
	at org.apache.tomcat.websocket.WsFrameBase.processData(WsFrameBase.java:270)
	at org.apache.tomcat.websocket.WsFrameBase.processInputBuffer(WsFrameBase.java:116)
	at org.apache.tomcat.websocket.server.WsFrameServer.onDataAvailable(WsFrameServer.java:54)
	at org.apache.tomcat.websocket.server.WsHttpUpgradeHandler$WsReadListener.onDataAvailable(WsHttpUpgradeHandler.java:192)
	at org.apache.coyote.http11.upgrade.AbstractServletInputStream.onDataAvailable(AbstractServletInputStream.java:178)
	at org.apache.coyote.http11.upgrade.AbstractProcessor.upgradeDispatch(AbstractProcessor.java:92)
	at org.apache.coyote.AbstractProtocol$AbstractConnectionHandler.process(AbstractProtocol.java:601)
	at org.apache.tomcat.util.net.JIoEndpoint$SocketProcessor.run(JIoEndpoint.java:310)
	at java.util.concurrent.ThreadPoolExecutor.runWorker(ThreadPoolExecutor.java:1149)
	at java.util.concurrent.ThreadPoolExecutor$Worker.run(ThreadPoolExecutor.java:624)
	at java.lang.Thread.run(Thread.java:748)
